[debug] [2026-07-21T13:21:40.633Z] ----------------------------------------------------------------------
[debug] [2026-07-21T13:21:40.641Z] Command:       C:\Program Files\nodejs\node.exe C:\Users\micha\AppData\Roaming\npm\node_modules\firebase-tools\lib\bin\firebase.js deploy --only hosting
[debug] [2026-07-21T13:21:40.642Z] CLI Version:   15.24.0
[debug] [2026-07-21T13:21:40.642Z] Platform:      win32
[debug] [2026-07-21T13:21:40.643Z] Node Version:  v24.11.1
[debug] [2026-07-21T13:21:40.643Z] Detected Agent: antigravity
[debug] [2026-07-21T13:21:40.644Z] Time:          Tue Jul 21 2026 16:21:40 GMT+0300 (שעון ישראל (קיץ))
[debug] [2026-07-21T13:21:40.644Z] ----------------------------------------------------------------------
[debug] 
[debug] [2026-07-21T13:21:49.689Z] > command requires scopes: ["email","openid","https://www.googleapis.com/auth/cloudplatformprojects.readonly","https://www.googleapis.com/auth/firebase","https://www.googleapis.com/auth/cloud-platform"]
[debug] [2026-07-21T13:21:49.690Z] > authorizing via signed-in user (angels.sos.platform@gmail.com)
[debug] [2026-07-21T13:21:49.691Z] [iam] checking project trip-planner-7aa1e for permissions ["firebase.projects.get","firebasehosting.sites.update"]
[debug] [2026-07-21T13:21:49.724Z] Checked if tokens are valid: true, expires at: 1784642823501
[debug] [2026-07-21T13:21:49.724Z] Checked if tokens are valid: true, expires at: 1784642823501
[debug] [2026-07-21T13:21:49.728Z] >>> [apiv2][query] POST https://cloudresourcemanager.googleapis.com/v1/projects/trip-planner-7aa1e:testIamPermissions [none]
[debug] [2026-07-21T13:21:49.729Z] >>> [apiv2][(partial)header] POST https://cloudresourcemanager.googleapis.com/v1/projects/trip-planner-7aa1e:testIamPermissions  x-goog-user-project=trip-planner-7aa1e
[debug] [2026-07-21T13:21:49.729Z] >>> [apiv2][body] POST https://cloudresourcemanager.googleapis.com/v1/projects/trip-planner-7aa1e:testIamPermissions {"permissions":["firebase.projects.get","firebasehosting.sites.update"]}
[debug] [2026-07-21T13:21:50.409Z] <<< [apiv2][status] POST https://cloudresourcemanager.googleapis.com/v1/projects/trip-planner-7aa1e:testIamPermissions 403
[debug] [2026-07-21T13:21:50.410Z] <<< [apiv2][body] POST https://cloudresourcemanager.googleapis.com/v1/projects/trip-planner-7aa1e:testIamPermissions {"error":{"code":403,"message":"Caller does not have required permission to use project trip-planner-7aa1e. Grant the caller the roles/serviceusage.serviceUsageConsumer role, or a custom role with the serviceusage.services.use permission, by visiting https://console.developers.google.com/iam-admin/iam?project=trip-planner-7aa1e and then retry. Propagation of the new permission may take a few minutes.","status":"PERMISSION_DENIED","details":[{"@type":"type.googleapis.com/google.rpc.ErrorInfo","reason":"USER_PROJECT_DENIED","domain":"googleapis.com","metadata":{"service":"cloudresourcemanager.googleapis.com","consumer":"projects/trip-planner-7aa1e","consoleUrl":"https://console.developers.google.com/iam-admin/iam?project=trip-planner-7aa1e","containerInfo":"trip-planner-7aa1e"}},{"@type":"type.googleapis.com/google.rpc.LocalizedMessage","locale":"en-US","message":"Caller does not have required permission to use project trip-planner-7aa1e. Grant the caller the roles/serviceusage.serviceUsageConsumer role, or a custom role with the serviceusage.services.use permission, by visiting https://console.developers.google.com/iam-admin/iam?project=trip-planner-7aa1e and then retry. Propagation of the new permission may take a few minutes."},{"@type":"type.googleapis.com/google.rpc.Help","links":[{"description":"Google developer console IAM admin","url":"https://console.developers.google.com/iam-admin/iam?project=trip-planner-7aa1e"}]}]}}
[debug] [2026-07-21T13:21:50.411Z] [iam] error while checking permissions, command may fail: Request to https://cloudresourcemanager.googleapis.com/v1/projects/trip-planner-7aa1e:testIamPermissions had HTTP Error: 403, Caller does not have required permission to use project trip-planner-7aa1e. Grant the caller the roles/serviceusage.serviceUsageConsumer role, or a custom role with the serviceusage.services.use permission, by visiting https://console.developers.google.com/iam-admin/iam?project=trip-planner-7aa1e and then retry. Propagation of the new permission may take a few minutes.
[debug] [2026-07-21T13:21:50.414Z] Checked if tokens are valid: true, expires at: 1784642823501
[debug] [2026-07-21T13:21:50.414Z] Checked if tokens are valid: true, expires at: 1784642823501
[debug] [2026-07-21T13:21:50.415Z] >>> [apiv2][query] GET https://firebase.googleapis.com/v1beta1/projects/trip-planner-7aa1e [none]
[debug] [2026-07-21T13:21:50.797Z] <<< [apiv2][status] GET https://firebase.googleapis.com/v1beta1/projects/trip-planner-7aa1e 403
[debug] [2026-07-21T13:21:50.798Z] <<< [apiv2][body] GET https://firebase.googleapis.com/v1beta1/projects/trip-planner-7aa1e {"error":{"code":403,"message":"The caller does not have permission","status":"PERMISSION_DENIED"}}
[debug] [2026-07-21T13:21:50.798Z] Request to https://firebase.googleapis.com/v1beta1/projects/trip-planner-7aa1e had HTTP Error: 403, The caller does not have permission
[debug] [2026-07-21T13:21:50.977Z] FirebaseError: Request to https://firebase.googleapis.com/v1beta1/projects/trip-planner-7aa1e had HTTP Error: 403, The caller does not have permission
    at responseToError (C:\Users\micha\AppData\Roaming\npm\node_modules\firebase-tools\lib\responseToError.js:53:12)
    at RetryOperation._fn (C:\Users\micha\AppData\Roaming\npm\node_modules\firebase-tools\lib\apiv2.js:415:77)
    at process.processTicksAndRejections (node:internal/process/task_queues:103:5)
[error] 
[error] Error: Failed to get Firebase project trip-planner-7aa1e. Please make sure the project exists and your account has permission to access it.
[debug] [2026-07-21T13:42:09.912Z] ----------------------------------------------------------------------
[debug] [2026-07-21T13:42:09.919Z] Command:       C:\Program Files\nodejs\node.exe C:\Users\micha\AppData\Roaming\npm\node_modules\firebase-tools\lib\bin\firebase.js deploy --only hosting
[debug] [2026-07-21T13:42:09.920Z] CLI Version:   15.24.0
[debug] [2026-07-21T13:42:09.920Z] Platform:      win32
[debug] [2026-07-21T13:42:09.921Z] Node Version:  v24.11.1
[debug] [2026-07-21T13:42:09.921Z] Detected Agent: unknown
[debug] [2026-07-21T13:42:09.921Z] Time:          Tue Jul 21 2026 16:42:09 GMT+0300 (שעון ישראל (קיץ))
[debug] [2026-07-21T13:42:09.922Z] ----------------------------------------------------------------------
[debug] 
[debug] [2026-07-21T13:42:17.251Z] > command requires scopes: ["email","openid","https://www.googleapis.com/auth/cloudplatformprojects.readonly","https://www.googleapis.com/auth/firebase","https://www.googleapis.com/auth/cloud-platform"]
[debug] [2026-07-21T13:42:17.252Z] > authorizing via signed-in user (angels.sos.platform@gmail.com)
[debug] [2026-07-21T13:42:17.253Z] [iam] checking project trip-planner-7aa1e for permissions ["firebase.projects.get","firebasehosting.sites.update"]
[debug] [2026-07-21T13:42:17.293Z] Checked if tokens are valid: true, expires at: 1784642823501
[debug] [2026-07-21T13:42:17.294Z] Checked if tokens are valid: true, expires at: 1784642823501
[debug] [2026-07-21T13:42:17.298Z] >>> [apiv2][query] POST https://cloudresourcemanager.googleapis.com/v1/projects/trip-planner-7aa1e:testIamPermissions [none]
[debug] [2026-07-21T13:42:17.299Z] >>> [apiv2][(partial)header] POST https://cloudresourcemanager.googleapis.com/v1/projects/trip-planner-7aa1e:testIamPermissions  x-goog-user-project=trip-planner-7aa1e
[debug] [2026-07-21T13:42:17.299Z] >>> [apiv2][body] POST https://cloudresourcemanager.googleapis.com/v1/projects/trip-planner-7aa1e:testIamPermissions {"permissions":["firebase.projects.get","firebasehosting.sites.update"]}
[debug] [2026-07-21T13:42:17.823Z] <<< [apiv2][status] POST https://cloudresourcemanager.googleapis.com/v1/projects/trip-planner-7aa1e:testIamPermissions 403
[debug] [2026-07-21T13:42:17.823Z] <<< [apiv2][body] POST https://cloudresourcemanager.googleapis.com/v1/projects/trip-planner-7aa1e:testIamPermissions {"error":{"code":403,"message":"Caller does not have required permission to use project trip-planner-7aa1e. Grant the caller the roles/serviceusage.serviceUsageConsumer role, or a custom role with the serviceusage.services.use permission, by visiting https://console.developers.google.com/iam-admin/iam?project=trip-planner-7aa1e and then retry. Propagation of the new permission may take a few minutes.","status":"PERMISSION_DENIED","details":[{"@type":"type.googleapis.com/google.rpc.ErrorInfo","reason":"USER_PROJECT_DENIED","domain":"googleapis.com","metadata":{"service":"cloudresourcemanager.googleapis.com","containerInfo":"trip-planner-7aa1e","consumer":"projects/trip-planner-7aa1e","consoleUrl":"https://console.developers.google.com/iam-admin/iam?project=trip-planner-7aa1e"}},{"@type":"type.googleapis.com/google.rpc.LocalizedMessage","locale":"en-US","message":"Caller does not have required permission to use project trip-planner-7aa1e. Grant the caller the roles/serviceusage.serviceUsageConsumer role, or a custom role with the serviceusage.services.use permission, by visiting https://console.developers.google.com/iam-admin/iam?project=trip-planner-7aa1e and then retry. Propagation of the new permission may take a few minutes."},{"@type":"type.googleapis.com/google.rpc.Help","links":[{"description":"Google developer console IAM admin","url":"https://console.developers.google.com/iam-admin/iam?project=trip-planner-7aa1e"}]}]}}
[debug] [2026-07-21T13:42:17.825Z] [iam] error while checking permissions, command may fail: Request to https://cloudresourcemanager.googleapis.com/v1/projects/trip-planner-7aa1e:testIamPermissions had HTTP Error: 403, Caller does not have required permission to use project trip-planner-7aa1e. Grant the caller the roles/serviceusage.serviceUsageConsumer role, or a custom role with the serviceusage.services.use permission, by visiting https://console.developers.google.com/iam-admin/iam?project=trip-planner-7aa1e and then retry. Propagation of the new permission may take a few minutes.
[debug] [2026-07-21T13:42:17.827Z] Checked if tokens are valid: true, expires at: 1784642823501
[debug] [2026-07-21T13:42:17.827Z] Checked if tokens are valid: true, expires at: 1784642823501
[debug] [2026-07-21T13:42:17.827Z] >>> [apiv2][query] GET https://firebase.googleapis.com/v1beta1/projects/trip-planner-7aa1e [none]
[debug] [2026-07-21T13:42:18.395Z] <<< [apiv2][status] GET https://firebase.googleapis.com/v1beta1/projects/trip-planner-7aa1e 403
[debug] [2026-07-21T13:42:18.395Z] <<< [apiv2][body] GET https://firebase.googleapis.com/v1beta1/projects/trip-planner-7aa1e {"error":{"code":403,"message":"The caller does not have permission","status":"PERMISSION_DENIED"}}
[debug] [2026-07-21T13:42:18.396Z] Request to https://firebase.googleapis.com/v1beta1/projects/trip-planner-7aa1e had HTTP Error: 403, The caller does not have permission
[debug] [2026-07-21T13:42:18.571Z] FirebaseError: Request to https://firebase.googleapis.com/v1beta1/projects/trip-planner-7aa1e had HTTP Error: 403, The caller does not have permission
    at responseToError (C:\Users\micha\AppData\Roaming\npm\node_modules\firebase-tools\lib\responseToError.js:53:12)
    at RetryOperation._fn (C:\Users\micha\AppData\Roaming\npm\node_modules\firebase-tools\lib\apiv2.js:415:77)
    at process.processTicksAndRejections (node:internal/process/task_queues:103:5)
[error] 
[error] Error: Failed to get Firebase project trip-planner-7aa1e. Please make sure the project exists and your account has permission to access it.
